Displaying mission...
commands
  Normal = 0
  Takeoff = 1
  Inverted = 2
  Hover = 4
  RollLeft = 8
  RollRight = 16
  Trigger = 32
  Loiter = 64
  Land = 128

waypoints
  Atlanta = 33.748995 -84.387982
  NewYork = 40.714269 -74.005973
  London = 51.00652 -0.126708

Takeoff
fly to Atlanta at 50 meters
Normal
fly to NewYork
fly at 1000 feet
Inverted
fly to London
fly to Atlanta at 250 feet
Land

Generating assembly code...
CMD 1                    // TAKEOFF / Command #1
POS   X GEO -84.387982   // ATLANTA / 84.387982 W Longitude
POS   Y GEO 33.748995    // ATLANTA / 33.748995 N Latitude
POS   Z FIX -50.0        // 50.0 m (164.04199475065616 ft) Altitude
FLY                      // Execute
CMD 0                    // NORMAL / Command #0
POS   X GEO -74.005973   // NEWYORK / 74.005973 W Longitude
POS   Y GEO 40.714269    // NEWYORK / 40.714269 N Latitude
FLY                      // Execute
POS   Z FIX -304.8       // 304.8 m (1000.0 ft) Altitude
FLY                      // Execute
CMD 2                    // INVERTED / Command #2
POS   X GEO -0.126708    // LONDON / 0.126708 W Longitude
POS   Y GEO 51.00652     // LONDON / 51.00652 N Latitude
FLY                      // Execute
POS   X GEO -84.387982   // ATLANTA / 84.387982 W Longitude
POS   Y GEO 33.748995    // ATLANTA / 33.748995 N Latitude
POS   Z FIX -76.2        // 76.2 m (250.0 ft) Altitude
FLY                      // Execute
CMD 128                  // LAND / Command #128

Generating binary code...
170 = AA
1 = 1
5 -84.387982 = 5 C2 A8 C6 A6
8 33.748995 = 8 42 6 FE F9
9 -50.0 = 9 C2 48 0 0
1 = 1
0 = 0
5 -74.005973 = 5 C2 94 3 F
8 40.714269 = 8 42 22 DB 69
1 = 1
9 -304.8 = 9 C3 98 66 66
1 = 1
2 = 2
5 -0.126708 = 5 BE 1 BF BE
8 51.00652 = 8 42 4C 6 AD
1 = 1
5 -84.387982 = 5 C2 A8 C6 A6
8 33.748995 = 8 42 6 FE F9
9 -76.2 = 9 C2 98 66 66
1 = 1
128 = 80
255 = FF

Running mission...
FLIPS: BEGIN PROGRAM
FP_TAKEOFF
POS   X GEO -84.387985
POS   Y GEO 33.748997
POS   Z FIX -50.000000
FLY
FP_NORMAL
POS   X GEO -74.005974
POS   Y GEO 40.714268
FLY
POS   Z FIX -304.799988
FLY
FP_INVERTED
POS   X GEO -0.126708
POS   Y GEO 51.006519
FLY
POS   X GEO -84.387985
POS   Y GEO 33.748997
POS   Z FIX -76.199997
FLY
FP_LAND
FLIPS: END PROGRAM
FLIPS: HALT
