SPD AIR OPT MAX
POS   Z FIX -60.96
TOF
POS YAW FIX 230.1
TIM REL 60.0
FLY
SPD AIR FIX 11.176
POS   X FIX -84.0252
POS   Y FIX 35.8962
FLY
DIR CW
RAD 30.48
TIM REL 30.0
POS   X FIX -84.0985
POS   Y FIX 34.2623
LTR
POS YAW FIX 90.0
SPD AIR OPT CRU
TIM REL 180.0
FLY
POS PIT FIX 10.0
POS ROL FIX 20.0
TIM REL 45.0
FLY
SPD AIR FIX 8.180832
POS   X FIX -84.2522
POS   Y FIX 36.9852
FLY
SPD AIR FIX 8.9408
POS   X FIX -84.25
POS   Y FIX 34.59
POS   X FIX -84.95
POS   Y FIX 34.52
POS   X FIX -84.89
POS   Y FIX 34.252
FLY
POS   Z FIX -60.96
FLY
SPD AIR FIX 6.7056
POS   X FIX -84.0252
POS   Y FIX 35.8962
FLY
SPD AIR FIX 10.0
POS PIT FIX 10.0
POS ROL FIX 5.0
TIM REL 3600.0
POS   Z FIX -9.144
FLY
TIM REL 120.0
POS   Z FIX -35.052
LTR
SPD AIR OPT MIN
LND
